<?xml version="1.0" encoding="UTF-8"?>
<!-- Generated by org.testng.reporters.JUnitXMLReporter -->
<testsuite hostname="Darshan" name="Default test" tests="8" failures="0" timestamp="21 Dec 2022 11:17:01 GMT" time="0.061" errors="0">
  <testcase name="@BeforeClass setup" time="0.0" classname="pro.saral.testCases.Import_27EQ_Test">
    <failure type="org.testng.TestNGException" message="
Parameter &amp;apos;browser&amp;apos; is required by @Configuration on method setup but has not been marked @Optional or defined
in C:\Users\Darshan\AppData\Local\Temp\testng-eclipse--477124917\testng-customsuite.xml">
      <![CDATA[org.testng.TestNGException: 
Parameter 'browser' is required by @Configuration on method setup but has not been marked @Optional or defined
in C:\Users\Darshan\AppData\Local\Temp\testng-eclipse--477124917\testng-customsuite.xml
	at org.testng.internal.Parameters.createParameters(Parameters.java:159)
	at org.testng.internal.Parameters.createParameters(Parameters.java:372)
	at org.testng.internal.Parameters.createConfigurationParameters(Parameters.java:90)
	at org.testng.internal.Invoker.invokeConfigurations(Invoker.java:199)
	at org.testng.internal.Invoker.invokeConfigurations(Invoker.java:140)
	at org.testng.internal.TestMethodWorker.invokeBeforeClassMethods(TestMethodWorker.java:170)
	at org.testng.internal.TestMethodWorker.run(TestMethodWorker.java:104)
	at org.testng.TestRunner.privateRun(TestRunner.java:771)
	at org.testng.TestRunner.run(TestRunner.java:621)
	at org.testng.SuiteRunner.runTest(SuiteRunner.java:357)
	at org.testng.SuiteRunner.runSequentially(SuiteRunner.java:352)
	at org.testng.SuiteRunner.privateRun(SuiteRunner.java:310)
	at org.testng.SuiteRunner.run(SuiteRunner.java:259)
	at org.testng.SuiteRunnerWorker.runSuite(SuiteRunnerWorker.java:52)
	at org.testng.SuiteRunnerWorker.run(SuiteRunnerWorker.java:86)
	at org.testng.TestNG.runSuitesSequentially(TestNG.java:1200)
	at org.testng.TestNG.runSuitesLocally(TestNG.java:1125)
	at org.testng.TestNG.run(TestNG.java:1033)
	at org.testng.remote.RemoteTestNG.run(RemoteTestNG.java:111)
	at org.testng.remote.RemoteTestNG.initAndRun(RemoteTestNG.java:204)
	at org.testng.remote.RemoteTestNG.main(RemoteTestNG.java:175)
]]>
    </failure>
  </testcase> <!-- @BeforeClass setup -->
  <testcase name="@BeforeMethod Login_Entry" time="0.0" classname="pro.saral.testCases.Import_27EQ_Test">
    <skipped/>
  </testcase> <!-- @BeforeMethod Login_Entry -->
  <testcase name="@BeforeMethod Login_Entry" time="0.0" classname="pro.saral.testCases.Import_27EQ_Test">
    <skipped/>
  </testcase> <!-- @BeforeMethod Login_Entry -->
  <testcase name="@BeforeMethod Login_Entry" time="0.0" classname="pro.saral.testCases.Import_27EQ_Test">
    <skipped/>
  </testcase> <!-- @BeforeMethod Login_Entry -->
  <testcase name="@BeforeMethod Login_Entry" time="0.0" classname="pro.saral.testCases.Import_27EQ_Test">
    <skipped/>
  </testcase> <!-- @BeforeMethod Login_Entry -->
  <testcase name="@BeforeMethod Login_Entry" time="0.0" classname="pro.saral.testCases.Import_27EQ_Test">
    <skipped/>
  </testcase> <!-- @BeforeMethod Login_Entry -->
  <testcase name="@BeforeMethod Login_Entry" time="0.0" classname="pro.saral.testCases.Import_27EQ_Test">
    <skipped/>
  </testcase> <!-- @BeforeMethod Login_Entry -->
  <testcase name="@BeforeMethod Login_Entry" time="0.0" classname="pro.saral.testCases.Import_27EQ_Test">
    <skipped/>
  </testcase> <!-- @BeforeMethod Login_Entry -->
  <testcase name="@BeforeMethod Login_Entry" time="0.0" classname="pro.saral.testCases.Import_27EQ_Test">
    <skipped/>
  </testcase> <!-- @BeforeMethod Login_Entry -->
  <testcase name="@AfterClass tearDown" time="0.0" classname="pro.saral.testCases.Import_27EQ_Test">
    <skipped/>
  </testcase> <!-- @AfterClass tearDown -->
  <testcase name="Download_Template_And_Verify_27EQ" time="0.004" classname="pro.saral.testCases.Import_27EQ_Test">
    <skipped/>
  </testcase> <!-- Download_Template_And_Verify_27EQ -->
  <testcase name="Check_Tan_Validation" time="0.001" classname="pro.saral.testCases.Import_27EQ_Test">
    <skipped/>
  </testcase> <!-- Check_Tan_Validation -->
  <testcase name="Click_On_Upload_File_without_Selecting_Excel_File_and_verify_validation" time="0.001" classname="pro.saral.testCases.Import_27EQ_Test">
    <skipped/>
  </testcase> <!-- Click_On_Upload_File_without_Selecting_Excel_File_and_verify_validation -->
  <testcase name="Upload_Valid_Excel_And_Check_Sucess_Status" time="0.001" classname="pro.saral.testCases.Import_27EQ_Test">
    <skipped/>
  </testcase> <!-- Upload_Valid_Excel_And_Check_Sucess_Status -->
  <testcase name="Upload_Invalid_Excel_And_Check_Errors" time="0.001" classname="pro.saral.testCases.Import_27EQ_Test">
    <skipped/>
  </testcase> <!-- Upload_Invalid_Excel_And_Check_Errors -->
  <testcase name="Upload_Valid_Conso_And_Check_Sucess_Status" time="0.001" classname="pro.saral.testCases.Import_27EQ_Test">
    <skipped/>
  </testcase> <!-- Upload_Valid_Conso_And_Check_Sucess_Status -->
  <testcase name="Upload_Valid_Text_And_Check_Sucess_Status" time="0.001" classname="pro.saral.testCases.Import_27EQ_Test">
    <skipped/>
  </testcase> <!-- Upload_Valid_Text_And_Check_Sucess_Status -->
  <testcase name="Upload_Valid_Master_Excel_And_Check_Sucess_Status" time="0.001" classname="pro.saral.testCases.Import_27EQ_Test">
    <skipped/>
  </testcase> <!-- Upload_Valid_Master_Excel_And_Check_Sucess_Status -->
</testsuite> <!-- Default test -->
